TN:
SF:src/client/auth.client.ts
FN:30,(anonymous_1)
FN:51,(anonymous_2)
FN:99,(anonymous_3)
FN:140,(anonymous_4)
FN:153,(anonymous_5)
FNF:5
FNH:5
FNDA:24,(anonymous_1)
FNDA:9,(anonymous_2)
FNDA:13,(anonymous_3)
FNDA:31,(anonymous_4)
FNDA:12,(anonymous_5)
DA:1,2
DA:2,2
DA:3,2
DA:4,2
DA:26,2
DA:28,24
DA:31,24
DA:43,24
DA:44,21
DA:57,9
DA:58,1
DA:61,8
DA:63,8
DA:71,8
DA:82,8
DA:93,8
DA:103,13
DA:104,1
DA:107,12
DA:108,10
DA:109,10
DA:112,10
DA:115,10
DA:123,10
DA:133,10
DA:139,10
DA:141,31
DA:142,30
DA:144,31
DA:154,12
DA:155,12
DA:158,12
DA:159,1
DA:162,11
DA:163,0
DA:166,11
DA:167,11
DA:168,11
DA:174,10
DA:175,1
DA:178,9
DA:186,9
DA:191,9
DA:193,2
LF:44
LH:43
BRDA:43,0,0,21
BRDA:43,0,1,3
BRDA:57,1,0,1
BRDA:57,1,1,8
BRDA:103,2,0,1
BRDA:103,2,1,12
BRDA:103,3,0,13
BRDA:103,3,1,12
BRDA:129,4,0,10
BRDA:129,4,1,1
BRDA:140,5,0,10
BRDA:140,5,1,0
BRDA:141,6,0,30
BRDA:141,6,1,1
BRDA:158,7,0,1
BRDA:158,7,1,11
BRDA:158,8,0,12
BRDA:158,8,1,2
BRDA:162,9,0,0
BRDA:162,9,1,11
BRDA:162,10,0,11
BRDA:162,10,1,11
BRDA:174,11,0,1
BRDA:174,11,1,9
BRF:24
BRH:22
end_of_record
TN:
SF:src/client/internal-service.client.ts
FN:13,(anonymous_1)
FN:22,(anonymous_2)
FN:61,(anonymous_3)
FN:68,(anonymous_4)
FN:75,(anonymous_5)
FNF:5
FNH:5
FNDA:24,(anonymous_1)
FNDA:23,(anonymous_2)
FNDA:3,(anonymous_3)
FNDA:1,(anonymous_4)
FNDA:1,(anonymous_5)
DA:1,2
DA:2,2
DA:8,2
DA:14,24
DA:15,24
DA:16,24
DA:27,23
DA:28,23
DA:31,23
DA:32,23
DA:34,23
DA:40,23
DA:41,23
DA:43,23
DA:44,23
DA:51,20
DA:53,3
DA:54,3
DA:62,3
DA:69,1
DA:76,1
LF:21
LH:21
BRDA:15,0,0,24
BRDA:15,0,1,1
BRDA:16,1,0,24
BRDA:16,1,1,1
BRDA:24,2,0,12
BRDA:40,3,0,23
BRDA:40,3,1,1
BRDA:48,4,0,9
BRDA:48,4,1,14
BRF:9
BRH:9
end_of_record
TN:
SF:src/middleware/auth.middleware.ts
FN:41,(anonymous_10)
FN:63,(anonymous_11)
FN:159,(anonymous_12)
FN:262,(anonymous_13)
FN:51,(anonymous_14)
FN:52,(anonymous_15)
FN:280,(anonymous_16)
FN:287,(anonymous_17)
FN:296,createAuthMiddleware
FNF:9
FNH:8
FNDA:26,(anonymous_10)
FNDA:18,(anonymous_11)
FNDA:12,(anonymous_12)
FNDA:7,(anonymous_13)
FNDA:23,(anonymous_14)
FNDA:0,(anonymous_15)
FNDA:2,(anonymous_16)
FNDA:3,(anonymous_17)
FNDA:1,createAuthMiddleware
DA:2,2
DA:5,2
DA:38,2
DA:41,26
DA:42,26
DA:43,26
DA:44,26
DA:45,26
DA:47,26
DA:48,23
DA:49,23
DA:50,23
DA:51,23
DA:53,0
DA:57,26
DA:63,26
DA:64,18
DA:65,18
DA:67,18
DA:69,18
DA:70,1
DA:71,1
DA:74,17
DA:75,17
DA:77,17
DA:78,3
DA:79,3
DA:85,14
DA:86,14
DA:87,14
DA:89,14
DA:90,14
DA:91,14
DA:93,14
DA:98,8
DA:99,8
DA:100,7
DA:101,7
DA:102,7
DA:105,7
DA:106,3
DA:107,3
DA:108,2
DA:109,1
DA:110,1
DA:115,1
DA:117,4
DA:120,5
DA:129,5
DA:130,5
DA:132,8
DA:133,8
DA:135,8
DA:136,2
DA:137,2
DA:142,6
DA:148,0
DA:149,0
DA:159,26
DA:160,12
DA:161,12
DA:163,12
DA:165,12
DA:166,1
DA:167,1
DA:170,11
DA:171,11
DA:173,11
DA:174,2
DA:175,2
DA:181,9
DA:182,9
DA:184,9
DA:185,9
DA:188,9
DA:189,9
DA:190,9
DA:192,9
DA:193,3
DA:194,3
DA:201,6
DA:202,2
DA:203,2
DA:210,4
DA:211,2
DA:212,2
DA:213,2
DA:214,1
DA:215,1
DA:221,1
DA:222,1
DA:224,2
DA:228,3
DA:229,3
DA:231,3
DA:232,0
DA:233,0
DA:239,3
DA:248,3
DA:249,3
DA:251,0
DA:252,0
DA:262,26
DA:263,7
DA:265,7
DA:266,2
DA:267,5
DA:268,2
DA:270,3
DA:281,2
DA:282,1
DA:284,1
DA:290,3
DA:291,3
DA:296,2
DA:297,1
LF:116
LH:109
BRDA:69,0,0,1
BRDA:69,0,1,17
BRDA:75,1,0,15
BRDA:75,1,1,2
BRDA:77,2,0,3
BRDA:77,2,1,14
BRDA:78,3,0,3
BRDA:78,3,1,2
BRDA:100,4,0,7
BRDA:100,4,1,2
BRDA:102,5,0,7
BRDA:102,5,1,0
BRDA:105,6,0,3
BRDA:105,6,1,4
BRDA:108,7,0,1
BRDA:108,7,1,1
BRDA:124,8,0,5
BRDA:124,8,1,2
BRDA:135,9,0,2
BRDA:135,9,1,6
BRDA:165,10,0,1
BRDA:165,10,1,11
BRDA:171,11,0,10
BRDA:171,11,1,1
BRDA:173,12,0,2
BRDA:173,12,1,9
BRDA:174,13,0,2
BRDA:174,13,1,1
BRDA:181,14,0,9
BRDA:181,14,1,1
BRDA:185,15,0,9
BRDA:185,15,1,3
BRDA:192,16,0,3
BRDA:192,16,1,6
BRDA:201,17,0,2
BRDA:201,17,1,4
BRDA:210,18,0,2
BRDA:210,18,1,2
BRDA:213,19,0,1
BRDA:213,19,1,1
BRDA:229,20,0,3
BRDA:229,20,1,0
BRDA:231,21,0,0
BRDA:231,21,1,3
BRDA:265,22,0,2
BRDA:265,22,1,5
BRDA:267,23,0,2
BRDA:267,23,1,3
BRDA:44,24,0,26
BRDA:44,24,1,0
BRDA:45,25,0,23
BRDA:45,25,1,3
BRDA:47,26,0,23
BRDA:47,26,1,3
BRDA:280,27,0,1
BRDA:281,28,0,1
BRDA:281,28,1,1
BRDA:291,29,0,3
BRDA:291,29,1,0
BRF:59
BRH:54
end_of_record
TN:
SF:src/middleware/public-auth.middleware.ts
FN:39,(anonymous_1)
FN:62,(anonymous_2)
FN:49,(anonymous_3)
FN:50,(anonymous_4)
FN:168,createPublicAuth
FNF:5
FNH:4
FNDA:21,(anonymous_1)
FNDA:15,(anonymous_2)
FNDA:18,(anonymous_3)
FNDA:0,(anonymous_4)
FNDA:1,createPublicAuth
DA:2,2
DA:3,2
DA:36,2
DA:39,21
DA:40,21
DA:41,21
DA:42,21
DA:43,21
DA:45,21
DA:46,18
DA:47,18
DA:48,18
DA:49,18
DA:51,0
DA:55,21
DA:62,21
DA:63,15
DA:64,15
DA:66,15
DA:68,15
DA:69,1
DA:70,1
DA:73,14
DA:74,14
DA:76,14
DA:77,2
DA:78,2
DA:84,12
DA:85,12
DA:86,12
DA:88,12
DA:89,12
DA:90,12
DA:92,12
DA:96,9
DA:97,9
DA:98,9
DA:99,9
DA:100,9
DA:103,9
DA:104,7
DA:105,7
DA:106,6
DA:107,1
DA:108,1
DA:113,5
DA:115,2
DA:119,7
DA:120,7
DA:122,7
DA:123,1
DA:124,1
DA:130,6
DA:139,6
DA:140,6
DA:142,4
DA:143,4
DA:145,4
DA:146,1
DA:147,1
DA:152,3
DA:158,0
DA:159,0
DA:168,2
DA:169,1
LF:65
LH:62
BRDA:68,0,0,1
BRDA:68,0,1,14
BRDA:74,1,0,13
BRDA:74,1,1,1
BRDA:76,2,0,2
BRDA:76,2,1,12
BRDA:77,3,0,2
BRDA:77,3,1,1
BRDA:98,4,0,9
BRDA:98,4,1,1
BRDA:100,5,0,8
BRDA:100,5,1,1
BRDA:103,6,0,7
BRDA:103,6,1,2
BRDA:106,7,0,1
BRDA:106,7,1,5
BRDA:122,8,0,1
BRDA:122,8,1,6
BRDA:122,9,0,7
BRDA:122,9,1,6
BRDA:134,10,0,6
BRDA:134,10,1,1
BRDA:145,11,0,1
BRDA:145,11,1,3
BRDA:42,12,0,21
BRDA:42,12,1,0
BRDA:43,13,0,18
BRDA:43,13,1,3
BRDA:45,14,0,18
BRDA:45,14,1,3
BRF:30
BRH:29
end_of_record
